<?xml version="1.0" encoding="UTF-8"?>
<testsuite name="comp3111.webscraper.ItemTest" tests="1" skipped="0" failures="0" errors="0" timestamp="2018-10-03T20:12:21" hostname="HYUN" time="0.007">
  <properties/>
  <testcase name="testSetTitle" classname="comp3111.webscraper.ItemTest" time="0.007"/>
  <system-out><![CDATA[]]></system-out>
  <system-err><![CDATA[]]></system-err>
</testsuite>
